Build started 14/02/2014 14:48:57.
     1>Project "F:\Git\WolfEngine\WolfEngine\WolfEngine.vcxproj" on node 2 (Build target(s)).
     1>ClCompile:
         F:\Applications\Visual Studio\VC\bin\CL.exe /c /ZI /nologo /W3 /WX- /sdl /Od /Oy- /D _MBCS /Gm /EHsc /RTC1 /MDd /GS /fp:precise /Zc:wchar_t /Zc:forScope /Fo"Debug\\" /Fd"Debug\vc120.pdb" /Gd /TC /analyze- /errorReport:prompt Code\Map\MapRender.c
         MapRender.c
       Link:
         F:\Applications\Visual Studio\VC\bin\link.exe /ERRORREPORT:PROMPT /OUT:"F:\Git\WolfEngine\Debug\WolfEngine.exe" /INCREMENTAL /NOLOGO SDL2.lib SDL2main.lib SDL2_image.lib kernel32.lib user32.lib gdi32.lib winspool.lib comdlg32.lib advapi32.lib shell32.lib ole32.lib oleaut32.lib uuid.lib odbc32.lib odbccp32.lib /MANIFEST /MANIFESTUAC:"level='asInvoker' uiAccess='false'" /manifest:embed /DEBUG /PDB:"F:\Git\WolfEngine\Debug\WolfEngine.pdb" /SUBSYSTEM:CONSOLE /TLBID:1 /DYNAMICBASE /NXCOMPAT /IMPLIB:"F:\Git\WolfEngine\Debug\WolfEngine.lib" /MACHINE:X86 /PROFILE Debug\Entity.obj
         Debug\GameMain.obj
         Debug\Input.obj
         Debug\main.obj
         Debug\MapLoad.obj
         Debug\MapRender.obj
         Debug\Image.obj
         Debug\lapi.obj
         Debug\lauxlib.obj
         Debug\lbaselib.obj
         Debug\lbitlib.obj
         Debug\lcode.obj
         Debug\lcorolib.obj
         Debug\lctype.obj
         Debug\ldblib.obj
         Debug\ldebug.obj
         Debug\ldo.obj
         Debug\ldump.obj
         Debug\lfunc.obj
         Debug\lgc.obj
         Debug\linit.obj
         Debug\liolib.obj
         Debug\llex.obj
         Debug\lmathlib.obj
         Debug\lmem.obj
         Debug\loadlib.obj
         Debug\lobject.obj
         Debug\lopcodes.obj
         Debug\loslib.obj
         Debug\lparser.obj
         Debug\lstate.obj
         Debug\lstring.obj
         Debug\lstrlib.obj
         Debug\ltable.obj
         Debug\ltablib.obj
         Debug\ltm.obj
         Debug\lundump.obj
         Debug\lvm.obj
         Debug\lzio.obj
     1>LINK : warning LNK4075: ignoring '/INCREMENTAL' due to '/PROFILE' specification
     1>Entity.obj : warning LNK4075: ignoring '/EDITANDCONTINUE' due to '/OPT:LBR' specification
     1>MSVCRTD.lib(cinitexe.obj) : warning LNK4098: defaultlib 'msvcrt.lib' conflicts with use of other libs; use /NODEFAULTLIB:library
         WolfEngine.vcxproj -> F:\Git\WolfEngine\Debug\WolfEngine.exe
     1>Done Building Project "F:\Git\WolfEngine\WolfEngine\WolfEngine.vcxproj" (Build target(s)).

Build succeeded.

Time Elapsed 00:00:00.65
