Build started 14/02/2014 14:24:44.
     1>Project "F:\Git\WolfEngine\WolfEngine\WolfEngine.vcxproj" on node 2 (Build target(s)).
     1>ClCompile:
         F:\Applications\Visual Studio\VC\bin\CL.exe /c /Zi /nologo /W3 /WX- /sdl /O2 /Oi /Oy- /GL /D _MBCS /Gm- /EHsc /MD /GS /Gy /fp:precise /Zc:wchar_t /Zc:forScope /Fo"Release\\" /Fd"Release\vc120.pdb" /Gd /TC /analyze- /errorReport:prompt Code\Entities\Entity.c Code\Game\GameMain.c Code\Input\Input.c Code\main.c Code\Map\MapLoad.c Code\Map\MapRender.c Code\Rendering\Image.c Code\Scripting\lapi.c Code\Scripting\lauxlib.c Code\Scripting\lbaselib.c Code\Scripting\lbitlib.c Code\Scripting\lcode.c Code\Scripting\lcorolib.c Code\Scripting\lctype.c Code\Scripting\ldblib.c Code\Scripting\ldebug.c Code\Scripting\ldo.c Code\Scripting\ldump.c Code\Scripting\lfunc.c Code\Scripting\lgc.c Code\Scripting\linit.c Code\Scripting\liolib.c Code\Scripting\llex.c Code\Scripting\lmathlib.c Code\Scripting\lmem.c Code\Scripting\loadlib.c Code\Scripting\lobject.c Code\Scripting\lopcodes.c Code\Scripting\loslib.c Code\Scripting\lparser.c Code\Scripting\lstate.c Code\Scripting\lstring.c Code\Scripting\lstrlib.c Code\Scripting\ltable.c Code\Scripting\ltablib.c Code\Scripting\ltm.c Code\Scripting\lundump.c Code\Scripting\lvm.c Code\Scripting\lzio.c
         Entity.c
         GameMain.c
         Input.c
         main.c
         MapLoad.c
         MapRender.c
         Image.c
     1>Code\Rendering\Image.c(1): warning C4067: unexpected tokens following preprocessor directive - expected a newline
     1>Code\Rendering\Image.c(15): warning C4047: 'function' : 'Uint32' differs in levels of indirection from 'void *'
     1>Code\Rendering\Image.c(15): warning C4024: 'SDL_ConvertSurface' : different types for formal and actual parameter 3
         lapi.c
         lauxlib.c
         lbaselib.c
         lbitlib.c
         lcode.c
         lcorolib.c
         lctype.c
         ldblib.c
         ldebug.c
         ldo.c
         ldump.c
         lfunc.c
         lgc.c
         Compiling...
         linit.c
         liolib.c
         llex.c
         lmathlib.c
         lmem.c
         loadlib.c
         lobject.c
         lopcodes.c
         loslib.c
         lparser.c
         lstate.c
         lstring.c
         lstrlib.c
         ltable.c
         ltablib.c
         ltm.c
         lundump.c
         lvm.c
         lzio.c
       Link:
         F:\Applications\Visual Studio\VC\bin\link.exe /ERRORREPORT:PROMPT /OUT:"F:\Git\WolfEngine\Release\WolfEngine.exe" /NOLOGO SDL2.lib SDL2main.lib SDL2_image.lib kernel32.lib user32.lib gdi32.lib winspool.lib comdlg32.lib advapi32.lib shell32.lib ole32.lib oleaut32.lib uuid.lib odbc32.lib odbccp32.lib /MANIFEST /MANIFESTUAC:"level='asInvoker' uiAccess='false'" /manifest:embed /DEBUG /PDB:"F:\Git\WolfEngine\Release\WolfEngine.pdb" /SUBSYSTEM:WINDOWS /OPT:REF /OPT:ICF /LTCG /TLBID:1 /DYNAMICBASE /NXCOMPAT /IMPLIB:"F:\Git\WolfEngine\Release\WolfEngine.lib" /MACHINE:X86 /SAFESEH Release\Entity.obj
         Release\GameMain.obj
         Release\Input.obj
         Release\main.obj
         Release\MapLoad.obj
         Release\MapRender.obj
         Release\Image.obj
         Release\lapi.obj
         Release\lauxlib.obj
         Release\lbaselib.obj
         Release\lbitlib.obj
         Release\lcode.obj
         Release\lcorolib.obj
         Release\lctype.obj
         Release\ldblib.obj
         Release\ldebug.obj
         Release\ldo.obj
         Release\ldump.obj
         Release\lfunc.obj
         Release\lgc.obj
         Release\linit.obj
         Release\liolib.obj
         Release\llex.obj
         Release\lmathlib.obj
         Release\lmem.obj
         Release\loadlib.obj
         Release\lobject.obj
         Release\lopcodes.obj
         Release\loslib.obj
         Release\lparser.obj
         Release\lstate.obj
         Release\lstring.obj
         Release\lstrlib.obj
         Release\ltable.obj
         Release\ltablib.obj
         Release\ltm.obj
         Release\lundump.obj
         Release\lvm.obj
         Release\lzio.obj
         Generating code
         Finished generating code
         WolfEngine.vcxproj -> F:\Git\WolfEngine\Release\WolfEngine.exe
     1>Done Building Project "F:\Git\WolfEngine\WolfEngine\WolfEngine.vcxproj" (Build target(s)).

Build succeeded.

Time Elapsed 00:00:02.89
